-------------------------------------------------------------------------------
Test set: it.unikey.eserciziojava.EsercizioJavaApplicationTests
-------------------------------------------------------------------------------
Tests run: 1, Failures: 0, Errors: 1, Skipped: 0, Time elapsed: 0.325 s <<< FAILURE! - in it.unikey.eserciziojava.EsercizioJavaApplicationTests
it.unikey.eserciziojava.EsercizioJavaApplicationTests  Time elapsed: 0.322 s  <<< ERROR!
java.lang.IllegalStateException: Unable to find a @SpringBootConfiguration, you need to use @ContextConfiguration or @SpringBootTest(classes=...) with your test

