<?xml version="1.0" encoding="UTF-8"?>
<testsuite xmlns:xsi="http://www.w3.org/2001/XMLSchema-instance" xsi:noNamespaceSchemaLocation="https://maven.apache.org/surefire/maven-surefire-plugin/xsd/surefire-test-report.xsd" name="it.unikey.eserciziojava.EsercizioJavaApplicationTests" time="0.325" tests="1" errors="1" skipped="0" failures="0">
  <properties>
[...]
</properties>
  <testcase name="it.unikey.eserciziojava.EsercizioJavaApplicationTests" classname="it.unikey.eserciziojava.EsercizioJavaApplicationTests" time="0.322">
    <error message="Unable to find a @SpringBootConfiguration, you need to use @ContextConfiguration or @SpringBootTest(classes=...) with your test" type="java.lang.IllegalStateException">java.lang.IllegalStateException: Unable to find a @SpringBootConfiguration, you need to use @ContextConfiguration or @SpringBootTest(classes=...) with your test
</error>
    <system-out><![CDATA[13:04:34.709 [main] DEBUG org.springframework.test.context.BootstrapUtils - Instantiating CacheAwareContextLoaderDelegate from class [org.springframework.test.context.cache.DefaultCacheAwareContextLoaderDelegate]
13:04:34.723 [main] DEBUG org.springframework.test.context.BootstrapUtils - Instantiating BootstrapContext using constructor [public org.springframework.test.context.support.DefaultBootstrapContext(java.lang.Class,org.springframework.test.context.CacheAwareContextLoaderDelegate)]
13:04:34.766 [main] DEBUG org.springframework.test.context.BootstrapUtils - Instantiating TestContextBootstrapper for test class [it.unikey.eserciziojava.EsercizioJavaApplicationTests] from class [org.springframework.boot.test.context.SpringBootTestContextBootstrapper]
13:04:34.778 [main] INFO org.springframework.boot.test.context.SpringBootTestContextBootstrapper - Neither @ContextConfiguration nor @ContextHierarchy found for test class [it.unikey.eserciziojava.EsercizioJavaApplicationTests], using SpringBootContextLoader
13:04:34.782 [main] DEBUG org.springframework.test.context.support.AbstractContextLoader - Did not detect default resource location for test class [it.unikey.eserciziojava.EsercizioJavaApplicationTests]: class path resource [it/unikey/eserciziojava/EsercizioJavaApplicationTests-context.xml] does not exist
13:04:34.783 [main] DEBUG org.springframework.test.context.support.AbstractContextLoader - Did not detect default resource location for test class [it.unikey.eserciziojava.EsercizioJavaApplicationTests]: class path resource [it/unikey/eserciziojava/EsercizioJavaApplicationTestsContext.groovy] does not exist
13:04:34.783 [main] INFO org.springframework.test.context.support.AbstractContextLoader - Could not detect default resource locations for test class [it.unikey.eserciziojava.EsercizioJavaApplicationTests]: no resource found for suffixes {-context.xml, Context.groovy}.
13:04:34.783 [main] INFO org.springframework.test.context.support.AnnotationConfigContextLoaderUtils - Could not detect default configuration classes for test class [it.unikey.eserciziojava.EsercizioJavaApplicationTests]: EsercizioJavaApplicationTests does not declare any static, non-private, non-final, nested classes annotated with @Configuration.
13:04:34.867 [main] DEBUG org.springframework.test.context.support.ActiveProfilesUtils - Could not find an 'annotation declaring class' for annotation type [org.springframework.test.context.ActiveProfiles] and class [it.unikey.eserciziojava.EsercizioJavaApplicationTests]
]]></system-out>
  </testcase>
</testsuite>